<?xml version="1.0" encoding="utf-8" standalone="no"?>
<!--This file represents the results of running a test suite-->
<test-results name="C:\Users\Steve\Documents\My Dropbox\PluralsightCurrent\018 - Lazy Load Pattern\before\LazyLoad\packages\NUnit.2.5.10.11092\tools\Project1.nunit" total="7" errors="1" failures="0" not-run="0" inconclusive="0" ignored="0" skipped="0" invalid="0" date="2011-10-30" time="11:19:53">
  <environment nunit-version="2.5.10.11092" clr-version="2.0.50727.5448" os-version="Microsoft Windows NT 6.1.7601 Service Pack 1" platform="Win32NT" cwd="C:\Users\Steve\Documents\My Dropbox\PluralsightCurrent\018 - Lazy Load Pattern\before\LazyLoad\packages\NUnit.2.5.10.11092\tools" machine-name="STEVEIBPDESKTOP" user="Steve" user-domain="SteveIBPDesktop" />
  <culture-info current-culture="en-US" current-uiculture="en-US" />
  <test-suite type="Project" name="C:\Users\Steve\Documents\My Dropbox\PluralsightCurrent\018 - Lazy Load Pattern\before\LazyLoad\packages\NUnit.2.5.10.11092\tools\Project1.nunit" executed="True" result="Failure" success="False" time="0.217" asserts="0">
    <results>
      <test-suite type="Assembly" name="C:\Users\Steve\Documents\My Dropbox\PluralsightCurrent\018 - Lazy Load Pattern\before\LazyLoad\LazyLoad\bin\Debug\LazyLoad.dll" executed="True" result="Failure" success="False" time="0.205" asserts="0">
        <results>
          <test-suite type="Namespace" name="LazyLoad" executed="True" result="Failure" success="False" time="0.205" asserts="0">
            <results>
              <test-suite type="Namespace" name="Ghosts" executed="True" result="Success" success="True" time="0.085" asserts="0">
                <results>
                  <test-suite type="TestFixture" name="OrderShould" executed="True" result="Success" success="True" time="0.083" asserts="0">
                    <results>
                      <test-case name="LazyLoad.Ghosts.OrderShould.LoadItemsInSingleCallOnPropertyAccess" executed="True" result="Success" success="True" time="0.050" asserts="1" />
                      <test-case name="LazyLoad.Ghosts.OrderShould.LoadItselfOnlyOnceOnPropertyAccess" executed="True" result="Success" success="True" time="0.003" asserts="7" />
                    </results>
                  </test-suite>
                </results>
              </test-suite>
              <test-suite type="Namespace" name="LazyInit" executed="True" result="Failure" success="False" time="0.101" asserts="0">
                <results>
                  <test-suite type="TestFixture" name="OrderShould" executed="True" result="Failure" success="False" time="0.101" asserts="0">
                    <results>
                      <test-case name="LazyLoad.LazyInit.OrderShould.PrintLabelWithBadOrder" executed="True" result="Error" success="False" time="0.009" asserts="0">
                        <failure>
                          <message><![CDATA[System.NullReferenceException : Object reference not set to an instance of an object.]]></message>
                          <stack-trace><![CDATA[at LazyLoad.LazyInit.OrderBad.PrintLabel() in C:\Users\Steve\Documents\My Dropbox\PluralsightCurrent\018 - Lazy Load Pattern\before\LazyLoad\LazyLoad\LazyInit\OrderBad.cs:line 22
at LazyLoad.LazyInit.OrderShould.PrintLabelWithBadOrder() in C:\Users\Steve\Documents\My Dropbox\PluralsightCurrent\018 - Lazy Load Pattern\before\LazyLoad\LazyLoad\LazyInit\OrderShould.cs:line 23
]]></stack-trace>
                        </failure>
                      </test-case>
                      <test-case name="LazyLoad.LazyInit.OrderShould.PrintLabelWithGoodOrder" executed="True" result="Success" success="True" time="0.002" asserts="1" />
                      <test-case name="LazyLoad.LazyInit.OrderShould.PrintLabelWithLazyOrder" executed="True" result="Success" success="True" time="0.001" asserts="1" />
                    </results>
                  </test-suite>
                </results>
              </test-suite>
              <test-suite type="Namespace" name="ValueHolder" executed="True" result="Success" success="True" time="0.003" asserts="0">
                <results>
                  <test-suite type="TestFixture" name="OrderShould" executed="True" result="Success" success="True" time="0.003" asserts="0">
                    <results>
                      <test-case name="LazyLoad.ValueHolder.OrderShould.NotLoadItemsUntilReferenced" executed="True" result="Success" success="True" time="0.002" asserts="2" />
                    </results>
                  </test-suite>
                </results>
              </test-suite>
              <test-suite type="Namespace" name="VirtualProxy" executed="True" result="Success" success="True" time="0.003" asserts="0">
                <results>
                  <test-suite type="TestFixture" name="OrderShould" executed="True" result="Success" success="True" time="0.003" asserts="0">
                    <results>
                      <test-case name="LazyLoad.VirtualProxy.OrderShould.PrintLabelWithOrderProxy" executed="True" result="Success" success="True" time="0.001" asserts="2" />
                    </results>
                  </test-suite>
                </results>
              </test-suite>
            </results>
          </test-suite>
        </results>
      </test-suite>
    </results>
  </test-suite>
</test-results>